<?xml version="1.0" encoding="UTF-8"?>
<!-- Generated by org.testng.reporters.JUnitXMLReporter -->
<testsuite ignored="0" hostname="MAA-5CG0250G5R" failures="0" tests="5" name="AmazonTests" time="72.866" errors="0" timestamp="2023-11-24T15:01:00 IST">
  <testcase classname="AmazonTest" name="signUp" time="7.042"/>
  <testcase classname="AmazonTest" name="signInFail" time="14.257"/>
  <testcase classname="AmazonTest" name="signIn" time="2.374"/>
  <testcase classname="AmazonTest" name="searchItem" time="27.717"/>
  <testcase classname="AmazonTest" name="addAddress" time="11.524"/>
</testsuite> <!-- AmazonTests -->
