<?xml version="1.0" encoding="UTF-8"?>
<testng-results ignored="0" total="5" passed="5" failed="0" skipped="0">
  <reporter-output>
  </reporter-output>
  <suite started-at="2023-11-24T14:59:47 IST" name="AmazonTestSuite" finished-at="2023-11-24T15:01:00 IST" duration-ms="72866">
    <groups>
    </groups>
    <test started-at="2023-11-24T14:59:47 IST" name="AmazonTests" finished-at="2023-11-24T15:01:00 IST" duration-ms="72866">
      <class name="AmazonTest">
        <test-method is-config="true" signature="setUp()[pri:0, instance:AmazonTest@5fe94a96]" started-at="2023-11-24T14:59:47 IST" name="setUp" finished-at="2023-11-24T14:59:55 IST" duration-ms="8682" status="PASS">
          <reporter-output>
          </reporter-output>
        </test-method> <!-- setUp -->
        <test-method signature="signUp()[pri:1, instance:AmazonTest@5fe94a96]" started-at="2023-11-24T14:59:55 IST" name="signUp" finished-at="2023-11-24T15:00:03 IST" duration-ms="7042" status="PASS">
          <reporter-output>
          </reporter-output>
        </test-method> <!-- signUp -->
        <test-method signature="signInFail()[pri:2, instance:AmazonTest@5fe94a96]" started-at="2023-11-24T15:00:03 IST" name="signInFail" finished-at="2023-11-24T15:00:17 IST" duration-ms="14257" status="PASS">
          <reporter-output>
          </reporter-output>
        </test-method> <!-- signInFail -->
        <test-method signature="signIn()[pri:3, instance:AmazonTest@5fe94a96]" started-at="2023-11-24T15:00:17 IST" name="signIn" finished-at="2023-11-24T15:00:19 IST" duration-ms="2374" status="PASS">
          <reporter-output>
          </reporter-output>
        </test-method> <!-- signIn -->
        <test-method signature="searchItem()[pri:4, instance:AmazonTest@5fe94a96]" started-at="2023-11-24T15:00:19 IST" name="searchItem" finished-at="2023-11-24T15:00:47 IST" duration-ms="27717" status="PASS">
          <reporter-output>
          </reporter-output>
        </test-method> <!-- searchItem -->
        <test-method signature="addAddress()[pri:5, instance:AmazonTest@5fe94a96]" started-at="2023-11-24T15:00:47 IST" name="addAddress" finished-at="2023-11-24T15:00:58 IST" duration-ms="11524" status="PASS">
          <reporter-output>
          </reporter-output>
        </test-method> <!-- addAddress -->
        <test-method is-config="true" signature="tearDown()[pri:0, instance:AmazonTest@5fe94a96]" started-at="2023-11-24T15:00:58 IST" name="tearDown" finished-at="2023-11-24T15:01:00 IST" duration-ms="1162" status="PASS">
          <reporter-output>
          </reporter-output>
        </test-method> <!-- tearDown -->
      </class> <!-- AmazonTest -->
    </test> <!-- AmazonTests -->
  </suite> <!-- AmazonTestSuite -->
</testng-results>
